[debug] ----------------------------------------------------------------------
[debug] Command:      C:\Program Files\nodejs\node.exe C:\Users\Renzo\AppData\Roaming\npm\node_modules\firebase-tools\bin\firebase serve
[debug] CLI Version:  3.0.7
[debug] Platform:     win32
[debug] Node Version: v4.5.0
[debug] Time:         Sun Sep 04 2016 16:44:34 GMT-0400 (SA Western Standard Time)
[debug] ----------------------------------------------------------------------
[debug] 
[info] Starting Firebase development server...
[info] 
[info] Project Directory: C:\Users\Renzo\Documents\Renzo\frontend\pepin\6094275pep
[info] Public Directory: dist
[info] 
[info] Server listening at: http://localhost:5000
[debug] ----------------------------------------------------------------------
[debug] Command:      C:\Program Files\nodejs\node.exe C:\Users\Renzo\AppData\Roaming\npm\node_modules\firebase-tools\bin\firebase serve
[debug] CLI Version:  3.0.7
[debug] Platform:     win32
[debug] Node Version: v4.5.0
[debug] Time:         Mon Sep 05 2016 19:19:45 GMT-0400 (SA Western Standard Time)
[debug] ----------------------------------------------------------------------
[debug] 
[info] Starting Firebase development server...
[info] 
[info] Project Directory: C:\Users\Renzo\Documents\Renzo\frontend\pepin\6094275pep
[info] Public Directory: dist
[info] 
[info] Server listening at: http://localhost:5000
